<?xml version="1.0" encoding="UTF-8"?>
<!-- Generated by org.testng.reporters.JUnitReportReporter -->
<testsuite hostname="DESKTOP-R244HQQ" failures="0" tests="5" name="testCases.TC003_LoginDDT" time="39.411" errors="0" timestamp="2025-11-26T19:30:52 IST" skipped="0">
  <testcase classname="testCases.TC003_LoginDDT" name="verify_DDT" time="1.504"/>
  <testcase classname="testCases.TC003_LoginDDT" name="verify_DDT" time="10.717"/>
  <testcase classname="testCases.TC003_LoginDDT" name="verify_DDT" time="5.901"/>
  <testcase classname="testCases.TC003_LoginDDT" name="verify_DDT" time="10.753"/>
  <testcase classname="testCases.TC003_LoginDDT" name="verify_DDT" time="10.536"/>
</testsuite> <!-- testCases.TC003_LoginDDT -->
